<?xml version="1.0" encoding="UTF-8"?>
<testng-results ignored="0" total="6" passed="6" failed="0" skipped="0">
  <reporter-output>
  </reporter-output>
  <suite started-at="2025-08-28T15:33:21 BDT" name="Default suite" finished-at="2025-08-28T15:34:11 BDT" duration-ms="49751">
    <groups>
    </groups>
    <test started-at="2025-08-28T15:33:21 BDT" name="Default test" finished-at="2025-08-28T15:34:11 BDT" duration-ms="49751">
      <class name="brandNutrationCancellation">
        <test-method is-config="true" signature="setUp()[pri:0, instance:brandNutrationCancellation@6a78afa0]" started-at="2025-08-28T15:33:21 BDT" name="setUp" finished-at="2025-08-28T15:33:22 BDT" duration-ms="1000" status="PASS">
          <reporter-output>
          </reporter-output>
        </test-method> <!-- setUp -->
        <test-method signature="testNavigateToLoginPage()[pri:1, instance:brandNutrationCancellation@6a78afa0]" started-at="2025-08-28T15:33:22 BDT" name="testNavigateToLoginPage" finished-at="2025-08-28T15:33:28 BDT" duration-ms="5569" status="PASS">
          <reporter-output>
          </reporter-output>
        </test-method> <!-- testNavigateToLoginPage -->
        <test-method signature="testValidLogin()[pri:2, instance:brandNutrationCancellation@6a78afa0]" started-at="2025-08-28T15:33:28 BDT" name="testValidLogin" finished-at="2025-08-28T15:33:32 BDT" depends-on-methods="brandNutrationCancellation.testNavigateToLoginPage" duration-ms="4822" status="PASS">
          <reporter-output>
          </reporter-output>
        </test-method> <!-- testValidLogin -->
        <test-method signature="testOpenNavigationMenu()[pri:3, instance:brandNutrationCancellation@6a78afa0]" started-at="2025-08-28T15:33:32 BDT" name="testOpenNavigationMenu" finished-at="2025-08-28T15:33:37 BDT" depends-on-methods="brandNutrationCancellation.testValidLogin" duration-ms="4404" status="PASS">
          <reporter-output>
          </reporter-output>
        </test-method> <!-- testOpenNavigationMenu -->
        <test-method signature="testNavigateToSettings()[pri:4, instance:brandNutrationCancellation@6a78afa0]" started-at="2025-08-28T15:33:37 BDT" name="testNavigateToSettings" finished-at="2025-08-28T15:33:39 BDT" depends-on-methods="brandNutrationCancellation.testOpenNavigationMenu" duration-ms="2333" status="PASS">
          <reporter-output>
          </reporter-output>
        </test-method> <!-- testNavigateToSettings -->
        <test-method signature="testOpenCancellation()[pri:9, instance:brandNutrationCancellation@6a78afa0]" started-at="2025-08-28T15:33:39 BDT" name="testOpenCancellation" finished-at="2025-08-28T15:33:50 BDT" depends-on-methods="brandNutrationCancellation.testNavigateToSettings" duration-ms="10952" status="PASS">
          <reporter-output>
          </reporter-output>
        </test-method> <!-- testOpenCancellation -->
        <test-method signature="testSearchAndDisableReason()[pri:10, instance:brandNutrationCancellation@6a78afa0]" started-at="2025-08-28T15:33:50 BDT" name="testSearchAndDisableReason" finished-at="2025-08-28T15:34:10 BDT" depends-on-methods="brandNutrationCancellation.testOpenCancellation" duration-ms="20218" status="PASS">
          <reporter-output>
          </reporter-output>
        </test-method> <!-- testSearchAndDisableReason -->
        <test-method is-config="true" signature="tearDown()[pri:0, instance:brandNutrationCancellation@6a78afa0]" started-at="2025-08-28T15:34:10 BDT" name="tearDown" finished-at="2025-08-28T15:34:11 BDT" duration-ms="395" status="PASS">
          <reporter-output>
          </reporter-output>
        </test-method> <!-- tearDown -->
      </class> <!-- brandNutrationCancellation -->
    </test> <!-- Default test -->
  </suite> <!-- Default suite -->
</testng-results>
